2022-05-16 01:03:09,094 INFO 54478 [Timer] /Users/m1pro/Desktop/mine/sj-miniidemo/eggDemo/node_modules/egg-multipart/app/schedule/clean_tmpdir.js next time will execute after 12410908ms at 2022-05-16 04:30:00.002
2022-05-16 01:03:09,095 INFO 54478 [Timer] /Users/m1pro/Desktop/mine/sj-miniidemo/eggDemo/node_modules/egg-logrotator/app/schedule/clean_log.js next time will execute after 82610906ms at 2022-05-17 00:00:00.000
2022-05-16 01:03:09,095 INFO 54478 [Timer] /Users/m1pro/Desktop/mine/sj-miniidemo/eggDemo/node_modules/egg-logrotator/app/schedule/rotate_by_file.js next time will execute after 82611905ms at 2022-05-17 00:00:01.000
2022-05-16 01:03:09,002 INFO 54479 [egg-schedule]: register schedule /Users/m1pro/Desktop/mine/sj-miniidemo/eggDemo/node_modules/egg-multipart/app/schedule/clean_tmpdir.js
2022-05-16 01:03:09,002 INFO 54479 [egg-schedule]: register schedule /Users/m1pro/Desktop/mine/sj-miniidemo/eggDemo/node_modules/egg-logrotator/app/schedule/clean_log.js
2022-05-16 01:03:09,002 INFO 54479 [egg-schedule]: register schedule /Users/m1pro/Desktop/mine/sj-miniidemo/eggDemo/node_modules/egg-logrotator/app/schedule/rotate_by_file.js
2022-05-16 01:04:00,475 INFO 54587 [egg-schedule]: register schedule /Users/m1pro/Desktop/mine/sj-miniidemo/eggDemo/node_modules/egg-multipart/app/schedule/clean_tmpdir.js
2022-05-16 01:04:00,475 INFO 54587 [egg-schedule]: register schedule /Users/m1pro/Desktop/mine/sj-miniidemo/eggDemo/node_modules/egg-logrotator/app/schedule/clean_log.js
2022-05-16 01:04:00,475 INFO 54587 [egg-schedule]: register schedule /Users/m1pro/Desktop/mine/sj-miniidemo/eggDemo/node_modules/egg-logrotator/app/schedule/rotate_by_file.js
2022-05-16 01:06:07,557 INFO 54825 [egg-schedule]: register schedule /Users/m1pro/Desktop/mine/sj-miniidemo/eggDemo/node_modules/egg-multipart/app/schedule/clean_tmpdir.js
2022-05-16 01:06:07,557 INFO 54825 [egg-schedule]: register schedule /Users/m1pro/Desktop/mine/sj-miniidemo/eggDemo/node_modules/egg-logrotator/app/schedule/clean_log.js
2022-05-16 01:06:07,557 INFO 54825 [egg-schedule]: register schedule /Users/m1pro/Desktop/mine/sj-miniidemo/eggDemo/node_modules/egg-logrotator/app/schedule/rotate_by_file.js
2022-05-16 01:12:05,119 INFO 55194 [egg-schedule]: register schedule /Users/m1pro/Desktop/mine/sj-miniidemo/eggDemo/node_modules/egg-multipart/app/schedule/clean_tmpdir.js
2022-05-16 01:12:05,119 INFO 55194 [egg-schedule]: register schedule /Users/m1pro/Desktop/mine/sj-miniidemo/eggDemo/node_modules/egg-logrotator/app/schedule/clean_log.js
2022-05-16 01:12:05,119 INFO 55194 [egg-schedule]: register schedule /Users/m1pro/Desktop/mine/sj-miniidemo/eggDemo/node_modules/egg-logrotator/app/schedule/rotate_by_file.js
2022-05-16 01:12:29,380 INFO 55274 [egg-schedule]: register schedule /Users/m1pro/Desktop/mine/sj-miniidemo/eggDemo/node_modules/egg-multipart/app/schedule/clean_tmpdir.js
2022-05-16 01:12:29,380 INFO 55274 [egg-schedule]: register schedule /Users/m1pro/Desktop/mine/sj-miniidemo/eggDemo/node_modules/egg-logrotator/app/schedule/clean_log.js
2022-05-16 01:12:29,380 INFO 55274 [egg-schedule]: register schedule /Users/m1pro/Desktop/mine/sj-miniidemo/eggDemo/node_modules/egg-logrotator/app/schedule/rotate_by_file.js
2022-05-16 01:13:19,633 INFO 55419 [egg-schedule]: register schedule /Users/m1pro/Desktop/mine/sj-miniidemo/eggDemo/node_modules/egg-multipart/app/schedule/clean_tmpdir.js
2022-05-16 01:13:19,634 INFO 55419 [egg-schedule]: register schedule /Users/m1pro/Desktop/mine/sj-miniidemo/eggDemo/node_modules/egg-logrotator/app/schedule/clean_log.js
2022-05-16 01:13:19,634 INFO 55419 [egg-schedule]: register schedule /Users/m1pro/Desktop/mine/sj-miniidemo/eggDemo/node_modules/egg-logrotator/app/schedule/rotate_by_file.js
2022-05-16 01:16:36,666 INFO 55673 [egg-schedule]: register schedule /Users/m1pro/Desktop/mine/sj-miniidemo/eggDemo/node_modules/egg-multipart/app/schedule/clean_tmpdir.js
2022-05-16 01:16:36,666 INFO 55673 [egg-schedule]: register schedule /Users/m1pro/Desktop/mine/sj-miniidemo/eggDemo/node_modules/egg-logrotator/app/schedule/clean_log.js
2022-05-16 01:16:36,666 INFO 55673 [egg-schedule]: register schedule /Users/m1pro/Desktop/mine/sj-miniidemo/eggDemo/node_modules/egg-logrotator/app/schedule/rotate_by_file.js
2022-05-16 01:16:42,809 INFO 55689 [egg-schedule]: register schedule /Users/m1pro/Desktop/mine/sj-miniidemo/eggDemo/node_modules/egg-multipart/app/schedule/clean_tmpdir.js
2022-05-16 01:16:42,809 INFO 55689 [egg-schedule]: register schedule /Users/m1pro/Desktop/mine/sj-miniidemo/eggDemo/node_modules/egg-logrotator/app/schedule/clean_log.js
2022-05-16 01:16:42,809 INFO 55689 [egg-schedule]: register schedule /Users/m1pro/Desktop/mine/sj-miniidemo/eggDemo/node_modules/egg-logrotator/app/schedule/rotate_by_file.js
2022-05-16 01:16:47,506 INFO 55703 [egg-schedule]: register schedule /Users/m1pro/Desktop/mine/sj-miniidemo/eggDemo/node_modules/egg-multipart/app/schedule/clean_tmpdir.js
2022-05-16 01:16:47,506 INFO 55703 [egg-schedule]: register schedule /Users/m1pro/Desktop/mine/sj-miniidemo/eggDemo/node_modules/egg-logrotator/app/schedule/clean_log.js
2022-05-16 01:16:47,506 INFO 55703 [egg-schedule]: register schedule /Users/m1pro/Desktop/mine/sj-miniidemo/eggDemo/node_modules/egg-logrotator/app/schedule/rotate_by_file.js
2022-05-16 01:17:48,578 INFO 55746 [egg-schedule]: register schedule /Users/m1pro/Desktop/mine/sj-miniidemo/eggDemo/node_modules/egg-multipart/app/schedule/clean_tmpdir.js
2022-05-16 01:17:48,578 INFO 55746 [egg-schedule]: register schedule /Users/m1pro/Desktop/mine/sj-miniidemo/eggDemo/node_modules/egg-logrotator/app/schedule/clean_log.js
2022-05-16 01:17:48,578 INFO 55746 [egg-schedule]: register schedule /Users/m1pro/Desktop/mine/sj-miniidemo/eggDemo/node_modules/egg-logrotator/app/schedule/rotate_by_file.js
2022-05-16 01:17:53,665 INFO 55762 [egg-schedule]: register schedule /Users/m1pro/Desktop/mine/sj-miniidemo/eggDemo/node_modules/egg-multipart/app/schedule/clean_tmpdir.js
2022-05-16 01:17:53,665 INFO 55762 [egg-schedule]: register schedule /Users/m1pro/Desktop/mine/sj-miniidemo/eggDemo/node_modules/egg-logrotator/app/schedule/clean_log.js
2022-05-16 01:17:53,665 INFO 55762 [egg-schedule]: register schedule /Users/m1pro/Desktop/mine/sj-miniidemo/eggDemo/node_modules/egg-logrotator/app/schedule/rotate_by_file.js
2022-05-16 01:18:05,913 INFO 55787 [egg-schedule]: register schedule /Users/m1pro/Desktop/mine/sj-miniidemo/eggDemo/node_modules/egg-multipart/app/schedule/clean_tmpdir.js
2022-05-16 01:18:05,913 INFO 55787 [egg-schedule]: register schedule /Users/m1pro/Desktop/mine/sj-miniidemo/eggDemo/node_modules/egg-logrotator/app/schedule/clean_log.js
2022-05-16 01:18:05,913 INFO 55787 [egg-schedule]: register schedule /Users/m1pro/Desktop/mine/sj-miniidemo/eggDemo/node_modules/egg-logrotator/app/schedule/rotate_by_file.js
2022-05-16 01:18:36,767 INFO 55817 [egg-schedule]: register schedule /Users/m1pro/Desktop/mine/sj-miniidemo/eggDemo/node_modules/egg-multipart/app/schedule/clean_tmpdir.js
2022-05-16 01:18:36,767 INFO 55817 [egg-schedule]: register schedule /Users/m1pro/Desktop/mine/sj-miniidemo/eggDemo/node_modules/egg-logrotator/app/schedule/clean_log.js
2022-05-16 01:18:36,767 INFO 55817 [egg-schedule]: register schedule /Users/m1pro/Desktop/mine/sj-miniidemo/eggDemo/node_modules/egg-logrotator/app/schedule/rotate_by_file.js
2022-05-16 01:19:07,284 INFO 55844 [egg-schedule]: register schedule /Users/m1pro/Desktop/mine/sj-miniidemo/eggDemo/node_modules/egg-multipart/app/schedule/clean_tmpdir.js
2022-05-16 01:19:07,284 INFO 55844 [egg-schedule]: register schedule /Users/m1pro/Desktop/mine/sj-miniidemo/eggDemo/node_modules/egg-logrotator/app/schedule/clean_log.js
2022-05-16 01:19:07,284 INFO 55844 [egg-schedule]: register schedule /Users/m1pro/Desktop/mine/sj-miniidemo/eggDemo/node_modules/egg-logrotator/app/schedule/rotate_by_file.js
2022-05-16 01:20:04,115 INFO 55883 [egg-schedule]: register schedule /Users/m1pro/Desktop/mine/sj-miniidemo/eggDemo/node_modules/egg-multipart/app/schedule/clean_tmpdir.js
2022-05-16 01:20:04,115 INFO 55883 [egg-schedule]: register schedule /Users/m1pro/Desktop/mine/sj-miniidemo/eggDemo/node_modules/egg-logrotator/app/schedule/clean_log.js
2022-05-16 01:20:04,115 INFO 55883 [egg-schedule]: register schedule /Users/m1pro/Desktop/mine/sj-miniidemo/eggDemo/node_modules/egg-logrotator/app/schedule/rotate_by_file.js
2022-05-16 01:20:10,309 INFO 55904 [egg-schedule]: register schedule /Users/m1pro/Desktop/mine/sj-miniidemo/eggDemo/node_modules/egg-multipart/app/schedule/clean_tmpdir.js
2022-05-16 01:20:10,309 INFO 55904 [egg-schedule]: register schedule /Users/m1pro/Desktop/mine/sj-miniidemo/eggDemo/node_modules/egg-logrotator/app/schedule/clean_log.js
2022-05-16 01:20:10,309 INFO 55904 [egg-schedule]: register schedule /Users/m1pro/Desktop/mine/sj-miniidemo/eggDemo/node_modules/egg-logrotator/app/schedule/rotate_by_file.js
2022-05-16 04:33:04,341 INFO 55904 [Job#16526467843251943813570939581] /Users/m1pro/Desktop/mine/sj-miniidemo/eggDemo/node_modules/egg-multipart/app/schedule/clean_tmpdir.js executing by app
2022-05-16 04:33:04,439 INFO 55904 [Job#16526467843251943813570939581] /Users/m1pro/Desktop/mine/sj-miniidemo/eggDemo/node_modules/egg-multipart/app/schedule/clean_tmpdir.js execute succeed, used 49ms. 
2022-05-16 04:33:04,332 INFO 54478 [Timer] /Users/m1pro/Desktop/mine/sj-miniidemo/eggDemo/node_modules/egg-multipart/app/schedule/clean_tmpdir.js next time will execute after 86215673ms at 2022-05-17 04:30:00.005
2022-05-16 12:00:47,596 INFO 63857 [egg-schedule]: register schedule /Users/m1pro/Desktop/mine/sj-miniidemo/eggDemo/node_modules/egg-multipart/app/schedule/clean_tmpdir.js
2022-05-16 12:00:47,596 INFO 63857 [egg-schedule]: register schedule /Users/m1pro/Desktop/mine/sj-miniidemo/eggDemo/node_modules/egg-logrotator/app/schedule/clean_log.js
2022-05-16 12:00:47,596 INFO 63857 [egg-schedule]: register schedule /Users/m1pro/Desktop/mine/sj-miniidemo/eggDemo/node_modules/egg-logrotator/app/schedule/rotate_by_file.js
2022-05-16 12:01:51,271 INFO 63888 [egg-schedule]: register schedule /Users/m1pro/Desktop/mine/sj-miniidemo/eggDemo/node_modules/egg-multipart/app/schedule/clean_tmpdir.js
2022-05-16 12:01:51,271 INFO 63888 [egg-schedule]: register schedule /Users/m1pro/Desktop/mine/sj-miniidemo/eggDemo/node_modules/egg-logrotator/app/schedule/clean_log.js
2022-05-16 12:01:51,271 INFO 63888 [egg-schedule]: register schedule /Users/m1pro/Desktop/mine/sj-miniidemo/eggDemo/node_modules/egg-logrotator/app/schedule/rotate_by_file.js
2022-05-16 12:02:00,475 INFO 63902 [egg-schedule]: register schedule /Users/m1pro/Desktop/mine/sj-miniidemo/eggDemo/node_modules/egg-multipart/app/schedule/clean_tmpdir.js
2022-05-16 12:02:00,475 INFO 63902 [egg-schedule]: register schedule /Users/m1pro/Desktop/mine/sj-miniidemo/eggDemo/node_modules/egg-logrotator/app/schedule/clean_log.js
2022-05-16 12:02:00,475 INFO 63902 [egg-schedule]: register schedule /Users/m1pro/Desktop/mine/sj-miniidemo/eggDemo/node_modules/egg-logrotator/app/schedule/rotate_by_file.js
2022-05-16 12:03:36,454 INFO 63961 [egg-schedule]: register schedule /Users/m1pro/Desktop/mine/sj-miniidemo/eggDemo/node_modules/egg-multipart/app/schedule/clean_tmpdir.js
2022-05-16 12:03:36,454 INFO 63961 [egg-schedule]: register schedule /Users/m1pro/Desktop/mine/sj-miniidemo/eggDemo/node_modules/egg-logrotator/app/schedule/clean_log.js
2022-05-16 12:03:36,454 INFO 63961 [egg-schedule]: register schedule /Users/m1pro/Desktop/mine/sj-miniidemo/eggDemo/node_modules/egg-logrotator/app/schedule/rotate_by_file.js
2022-05-16 14:59:34,847 INFO 69099 [egg-schedule]: register schedule /Users/m1pro/Desktop/mine/sj-miniidemo/eggDemo/node_modules/egg-multipart/app/schedule/clean_tmpdir.js
2022-05-16 14:59:34,847 INFO 69099 [egg-schedule]: register schedule /Users/m1pro/Desktop/mine/sj-miniidemo/eggDemo/node_modules/egg-logrotator/app/schedule/clean_log.js
2022-05-16 14:59:34,847 INFO 69099 [egg-schedule]: register schedule /Users/m1pro/Desktop/mine/sj-miniidemo/eggDemo/node_modules/egg-logrotator/app/schedule/rotate_by_file.js
2022-05-16 15:00:00,174 INFO 69138 [egg-schedule]: register schedule /Users/m1pro/Desktop/mine/sj-miniidemo/eggDemo/node_modules/egg-multipart/app/schedule/clean_tmpdir.js
2022-05-16 15:00:00,174 INFO 69138 [egg-schedule]: register schedule /Users/m1pro/Desktop/mine/sj-miniidemo/eggDemo/node_modules/egg-logrotator/app/schedule/clean_log.js
2022-05-16 15:00:00,174 INFO 69138 [egg-schedule]: register schedule /Users/m1pro/Desktop/mine/sj-miniidemo/eggDemo/node_modules/egg-logrotator/app/schedule/rotate_by_file.js
2022-05-16 15:00:09,032 INFO 69152 [egg-schedule]: register schedule /Users/m1pro/Desktop/mine/sj-miniidemo/eggDemo/node_modules/egg-multipart/app/schedule/clean_tmpdir.js
2022-05-16 15:00:09,032 INFO 69152 [egg-schedule]: register schedule /Users/m1pro/Desktop/mine/sj-miniidemo/eggDemo/node_modules/egg-logrotator/app/schedule/clean_log.js
2022-05-16 15:00:09,032 INFO 69152 [egg-schedule]: register schedule /Users/m1pro/Desktop/mine/sj-miniidemo/eggDemo/node_modules/egg-logrotator/app/schedule/rotate_by_file.js
2022-05-16 15:00:18,267 INFO 69164 [egg-schedule]: register schedule /Users/m1pro/Desktop/mine/sj-miniidemo/eggDemo/node_modules/egg-multipart/app/schedule/clean_tmpdir.js
2022-05-16 15:00:18,267 INFO 69164 [egg-schedule]: register schedule /Users/m1pro/Desktop/mine/sj-miniidemo/eggDemo/node_modules/egg-logrotator/app/schedule/clean_log.js
2022-05-16 15:00:18,267 INFO 69164 [egg-schedule]: register schedule /Users/m1pro/Desktop/mine/sj-miniidemo/eggDemo/node_modules/egg-logrotator/app/schedule/rotate_by_file.js
2022-05-16 15:02:48,256 INFO 69285 [egg-schedule]: register schedule /Users/m1pro/Desktop/mine/sj-miniidemo/eggDemo/node_modules/egg-multipart/app/schedule/clean_tmpdir.js
2022-05-16 15:02:48,256 INFO 69285 [egg-schedule]: register schedule /Users/m1pro/Desktop/mine/sj-miniidemo/eggDemo/node_modules/egg-logrotator/app/schedule/clean_log.js
2022-05-16 15:02:48,256 INFO 69285 [egg-schedule]: register schedule /Users/m1pro/Desktop/mine/sj-miniidemo/eggDemo/node_modules/egg-logrotator/app/schedule/rotate_by_file.js
2022-05-16 15:17:25,545 INFO 70802 [egg-schedule]: register schedule /Users/m1pro/Desktop/mine/sj-miniidemo/eggDemo/node_modules/egg-multipart/app/schedule/clean_tmpdir.js
2022-05-16 15:17:25,545 INFO 70802 [egg-schedule]: register schedule /Users/m1pro/Desktop/mine/sj-miniidemo/eggDemo/node_modules/egg-logrotator/app/schedule/clean_log.js
2022-05-16 15:17:25,545 INFO 70802 [egg-schedule]: register schedule /Users/m1pro/Desktop/mine/sj-miniidemo/eggDemo/node_modules/egg-logrotator/app/schedule/rotate_by_file.js
2022-05-16 15:18:01,347 INFO 70854 [egg-schedule]: register schedule /Users/m1pro/Desktop/mine/sj-miniidemo/eggDemo/node_modules/egg-multipart/app/schedule/clean_tmpdir.js
2022-05-16 15:18:01,347 INFO 70854 [egg-schedule]: register schedule /Users/m1pro/Desktop/mine/sj-miniidemo/eggDemo/node_modules/egg-logrotator/app/schedule/clean_log.js
2022-05-16 15:18:01,347 INFO 70854 [egg-schedule]: register schedule /Users/m1pro/Desktop/mine/sj-miniidemo/eggDemo/node_modules/egg-logrotator/app/schedule/rotate_by_file.js
2022-05-16 15:18:16,921 INFO 70890 [Timer] /Users/m1pro/Desktop/mine/sj-miniidemo/eggDemo/node_modules/egg-multipart/app/schedule/clean_tmpdir.js next time will execute after 47503081ms at 2022-05-17 04:30:00.002
2022-05-16 15:18:16,921 INFO 70890 [Timer] /Users/m1pro/Desktop/mine/sj-miniidemo/eggDemo/node_modules/egg-logrotator/app/schedule/clean_log.js next time will execute after 31303079ms at 2022-05-17 00:00:00.000
2022-05-16 15:18:16,921 INFO 70890 [Timer] /Users/m1pro/Desktop/mine/sj-miniidemo/eggDemo/node_modules/egg-logrotator/app/schedule/rotate_by_file.js next time will execute after 31304079ms at 2022-05-17 00:00:01.000
2022-05-16 15:18:16,600 INFO 70894 [egg-schedule]: register schedule /Users/m1pro/Desktop/mine/sj-miniidemo/eggDemo/node_modules/egg-multipart/app/schedule/clean_tmpdir.js
2022-05-16 15:18:16,600 INFO 70894 [egg-schedule]: register schedule /Users/m1pro/Desktop/mine/sj-miniidemo/eggDemo/node_modules/egg-logrotator/app/schedule/clean_log.js
2022-05-16 15:18:16,600 INFO 70894 [egg-schedule]: register schedule /Users/m1pro/Desktop/mine/sj-miniidemo/eggDemo/node_modules/egg-logrotator/app/schedule/rotate_by_file.js
2022-05-16 15:21:46,621 INFO 70967 [egg-schedule]: register schedule /Users/m1pro/Desktop/mine/sj-miniidemo/eggDemo/node_modules/egg-multipart/app/schedule/clean_tmpdir.js
2022-05-16 15:21:46,621 INFO 70967 [egg-schedule]: register schedule /Users/m1pro/Desktop/mine/sj-miniidemo/eggDemo/node_modules/egg-logrotator/app/schedule/clean_log.js
2022-05-16 15:21:46,621 INFO 70967 [egg-schedule]: register schedule /Users/m1pro/Desktop/mine/sj-miniidemo/eggDemo/node_modules/egg-logrotator/app/schedule/rotate_by_file.js
2022-05-16 15:21:55,403 INFO 70989 [egg-schedule]: register schedule /Users/m1pro/Desktop/mine/sj-miniidemo/eggDemo/node_modules/egg-multipart/app/schedule/clean_tmpdir.js
2022-05-16 15:21:55,403 INFO 70989 [egg-schedule]: register schedule /Users/m1pro/Desktop/mine/sj-miniidemo/eggDemo/node_modules/egg-logrotator/app/schedule/clean_log.js
2022-05-16 15:21:55,403 INFO 70989 [egg-schedule]: register schedule /Users/m1pro/Desktop/mine/sj-miniidemo/eggDemo/node_modules/egg-logrotator/app/schedule/rotate_by_file.js
2022-05-16 15:22:27,782 INFO 71007 [egg-schedule]: register schedule /Users/m1pro/Desktop/mine/sj-miniidemo/eggDemo/node_modules/egg-multipart/app/schedule/clean_tmpdir.js
2022-05-16 15:22:27,782 INFO 71007 [egg-schedule]: register schedule /Users/m1pro/Desktop/mine/sj-miniidemo/eggDemo/node_modules/egg-logrotator/app/schedule/clean_log.js
2022-05-16 15:22:27,782 INFO 71007 [egg-schedule]: register schedule /Users/m1pro/Desktop/mine/sj-miniidemo/eggDemo/node_modules/egg-logrotator/app/schedule/rotate_by_file.js
2022-05-16 15:22:44,459 INFO 71033 [egg-schedule]: register schedule /Users/m1pro/Desktop/mine/sj-miniidemo/eggDemo/node_modules/egg-multipart/app/schedule/clean_tmpdir.js
2022-05-16 15:22:44,459 INFO 71033 [egg-schedule]: register schedule /Users/m1pro/Desktop/mine/sj-miniidemo/eggDemo/node_modules/egg-logrotator/app/schedule/clean_log.js
2022-05-16 15:22:44,459 INFO 71033 [egg-schedule]: register schedule /Users/m1pro/Desktop/mine/sj-miniidemo/eggDemo/node_modules/egg-logrotator/app/schedule/rotate_by_file.js
2022-05-16 15:22:53,139 INFO 71063 [egg-schedule]: register schedule /Users/m1pro/Desktop/mine/sj-miniidemo/eggDemo/node_modules/egg-multipart/app/schedule/clean_tmpdir.js
2022-05-16 15:22:53,139 INFO 71063 [egg-schedule]: register schedule /Users/m1pro/Desktop/mine/sj-miniidemo/eggDemo/node_modules/egg-logrotator/app/schedule/clean_log.js
2022-05-16 15:22:53,139 INFO 71063 [egg-schedule]: register schedule /Users/m1pro/Desktop/mine/sj-miniidemo/eggDemo/node_modules/egg-logrotator/app/schedule/rotate_by_file.js
2022-05-16 15:23:01,960 INFO 71078 [egg-schedule]: register schedule /Users/m1pro/Desktop/mine/sj-miniidemo/eggDemo/node_modules/egg-multipart/app/schedule/clean_tmpdir.js
2022-05-16 15:23:01,960 INFO 71078 [egg-schedule]: register schedule /Users/m1pro/Desktop/mine/sj-miniidemo/eggDemo/node_modules/egg-logrotator/app/schedule/clean_log.js
2022-05-16 15:23:01,960 INFO 71078 [egg-schedule]: register schedule /Users/m1pro/Desktop/mine/sj-miniidemo/eggDemo/node_modules/egg-logrotator/app/schedule/rotate_by_file.js
2022-05-16 15:23:11,544 INFO 71097 [egg-schedule]: register schedule /Users/m1pro/Desktop/mine/sj-miniidemo/eggDemo/node_modules/egg-multipart/app/schedule/clean_tmpdir.js
2022-05-16 15:23:11,544 INFO 71097 [egg-schedule]: register schedule /Users/m1pro/Desktop/mine/sj-miniidemo/eggDemo/node_modules/egg-logrotator/app/schedule/clean_log.js
2022-05-16 15:23:11,544 INFO 71097 [egg-schedule]: register schedule /Users/m1pro/Desktop/mine/sj-miniidemo/eggDemo/node_modules/egg-logrotator/app/schedule/rotate_by_file.js
2022-05-16 15:23:23,467 INFO 71118 [egg-schedule]: register schedule /Users/m1pro/Desktop/mine/sj-miniidemo/eggDemo/node_modules/egg-multipart/app/schedule/clean_tmpdir.js
2022-05-16 15:23:23,467 INFO 71118 [egg-schedule]: register schedule /Users/m1pro/Desktop/mine/sj-miniidemo/eggDemo/node_modules/egg-logrotator/app/schedule/clean_log.js
2022-05-16 15:23:23,467 INFO 71118 [egg-schedule]: register schedule /Users/m1pro/Desktop/mine/sj-miniidemo/eggDemo/node_modules/egg-logrotator/app/schedule/rotate_by_file.js
2022-05-16 15:24:00,117 INFO 71151 [egg-schedule]: register schedule /Users/m1pro/Desktop/mine/sj-miniidemo/eggDemo/node_modules/egg-multipart/app/schedule/clean_tmpdir.js
2022-05-16 15:24:00,117 INFO 71151 [egg-schedule]: register schedule /Users/m1pro/Desktop/mine/sj-miniidemo/eggDemo/node_modules/egg-logrotator/app/schedule/clean_log.js
2022-05-16 15:24:00,117 INFO 71151 [egg-schedule]: register schedule /Users/m1pro/Desktop/mine/sj-miniidemo/eggDemo/node_modules/egg-logrotator/app/schedule/rotate_by_file.js
2022-05-16 15:24:13,990 INFO 71180 [egg-schedule]: register schedule /Users/m1pro/Desktop/mine/sj-miniidemo/eggDemo/node_modules/egg-multipart/app/schedule/clean_tmpdir.js
2022-05-16 15:24:13,990 INFO 71180 [egg-schedule]: register schedule /Users/m1pro/Desktop/mine/sj-miniidemo/eggDemo/node_modules/egg-logrotator/app/schedule/clean_log.js
2022-05-16 15:24:13,990 INFO 71180 [egg-schedule]: register schedule /Users/m1pro/Desktop/mine/sj-miniidemo/eggDemo/node_modules/egg-logrotator/app/schedule/rotate_by_file.js
2022-05-16 15:26:41,816 INFO 71244 [egg-schedule]: register schedule /Users/m1pro/Desktop/mine/sj-miniidemo/eggDemo/node_modules/egg-multipart/app/schedule/clean_tmpdir.js
2022-05-16 15:26:41,816 INFO 71244 [egg-schedule]: register schedule /Users/m1pro/Desktop/mine/sj-miniidemo/eggDemo/node_modules/egg-logrotator/app/schedule/clean_log.js
2022-05-16 15:26:41,816 INFO 71244 [egg-schedule]: register schedule /Users/m1pro/Desktop/mine/sj-miniidemo/eggDemo/node_modules/egg-logrotator/app/schedule/rotate_by_file.js
2022-05-16 15:34:15,714 INFO 71419 [egg-schedule]: register schedule /Users/m1pro/Desktop/mine/sj-miniidemo/eggDemo/node_modules/egg-multipart/app/schedule/clean_tmpdir.js
2022-05-16 15:34:15,714 INFO 71419 [egg-schedule]: register schedule /Users/m1pro/Desktop/mine/sj-miniidemo/eggDemo/node_modules/egg-logrotator/app/schedule/clean_log.js
2022-05-16 15:34:15,714 INFO 71419 [egg-schedule]: register schedule /Users/m1pro/Desktop/mine/sj-miniidemo/eggDemo/node_modules/egg-logrotator/app/schedule/rotate_by_file.js
2022-05-16 15:34:49,591 INFO 71458 [egg-schedule]: register schedule /Users/m1pro/Desktop/mine/sj-miniidemo/eggDemo/node_modules/egg-multipart/app/schedule/clean_tmpdir.js
2022-05-16 15:34:49,591 INFO 71458 [egg-schedule]: register schedule /Users/m1pro/Desktop/mine/sj-miniidemo/eggDemo/node_modules/egg-logrotator/app/schedule/clean_log.js
2022-05-16 15:34:49,591 INFO 71458 [egg-schedule]: register schedule /Users/m1pro/Desktop/mine/sj-miniidemo/eggDemo/node_modules/egg-logrotator/app/schedule/rotate_by_file.js
2022-05-16 15:34:58,225 INFO 71483 [egg-schedule]: register schedule /Users/m1pro/Desktop/mine/sj-miniidemo/eggDemo/node_modules/egg-multipart/app/schedule/clean_tmpdir.js
2022-05-16 15:34:58,225 INFO 71483 [egg-schedule]: register schedule /Users/m1pro/Desktop/mine/sj-miniidemo/eggDemo/node_modules/egg-logrotator/app/schedule/clean_log.js
2022-05-16 15:34:58,225 INFO 71483 [egg-schedule]: register schedule /Users/m1pro/Desktop/mine/sj-miniidemo/eggDemo/node_modules/egg-logrotator/app/schedule/rotate_by_file.js
2022-05-16 15:35:11,629 INFO 71498 [egg-schedule]: register schedule /Users/m1pro/Desktop/mine/sj-miniidemo/eggDemo/node_modules/egg-multipart/app/schedule/clean_tmpdir.js
2022-05-16 15:35:11,629 INFO 71498 [egg-schedule]: register schedule /Users/m1pro/Desktop/mine/sj-miniidemo/eggDemo/node_modules/egg-logrotator/app/schedule/clean_log.js
2022-05-16 15:35:11,629 INFO 71498 [egg-schedule]: register schedule /Users/m1pro/Desktop/mine/sj-miniidemo/eggDemo/node_modules/egg-logrotator/app/schedule/rotate_by_file.js
2022-05-16 15:35:17,288 INFO 71512 [egg-schedule]: register schedule /Users/m1pro/Desktop/mine/sj-miniidemo/eggDemo/node_modules/egg-multipart/app/schedule/clean_tmpdir.js
2022-05-16 15:35:17,288 INFO 71512 [egg-schedule]: register schedule /Users/m1pro/Desktop/mine/sj-miniidemo/eggDemo/node_modules/egg-logrotator/app/schedule/clean_log.js
2022-05-16 15:35:17,288 INFO 71512 [egg-schedule]: register schedule /Users/m1pro/Desktop/mine/sj-miniidemo/eggDemo/node_modules/egg-logrotator/app/schedule/rotate_by_file.js
2022-05-16 15:37:01,729 INFO 71548 [egg-schedule]: register schedule /Users/m1pro/Desktop/mine/sj-miniidemo/eggDemo/node_modules/egg-multipart/app/schedule/clean_tmpdir.js
2022-05-16 15:37:01,729 INFO 71548 [egg-schedule]: register schedule /Users/m1pro/Desktop/mine/sj-miniidemo/eggDemo/node_modules/egg-logrotator/app/schedule/clean_log.js
2022-05-16 15:37:01,729 INFO 71548 [egg-schedule]: register schedule /Users/m1pro/Desktop/mine/sj-miniidemo/eggDemo/node_modules/egg-logrotator/app/schedule/rotate_by_file.js
2022-05-16 15:37:02,800 INFO 71559 [egg-schedule]: register schedule /Users/m1pro/Desktop/mine/sj-miniidemo/eggDemo/node_modules/egg-multipart/app/schedule/clean_tmpdir.js
2022-05-16 15:37:02,800 INFO 71559 [egg-schedule]: register schedule /Users/m1pro/Desktop/mine/sj-miniidemo/eggDemo/node_modules/egg-logrotator/app/schedule/clean_log.js
2022-05-16 15:37:02,800 INFO 71559 [egg-schedule]: register schedule /Users/m1pro/Desktop/mine/sj-miniidemo/eggDemo/node_modules/egg-logrotator/app/schedule/rotate_by_file.js
2022-05-16 15:37:31,559 INFO 71587 [egg-schedule]: register schedule /Users/m1pro/Desktop/mine/sj-miniidemo/eggDemo/node_modules/egg-multipart/app/schedule/clean_tmpdir.js
2022-05-16 15:37:31,559 INFO 71587 [egg-schedule]: register schedule /Users/m1pro/Desktop/mine/sj-miniidemo/eggDemo/node_modules/egg-logrotator/app/schedule/clean_log.js
2022-05-16 15:37:31,559 INFO 71587 [egg-schedule]: register schedule /Users/m1pro/Desktop/mine/sj-miniidemo/eggDemo/node_modules/egg-logrotator/app/schedule/rotate_by_file.js
2022-05-16 15:40:53,755 INFO 71704 [egg-schedule]: register schedule /Users/m1pro/Desktop/mine/sj-miniidemo/eggDemo/node_modules/egg-multipart/app/schedule/clean_tmpdir.js
2022-05-16 15:40:53,755 INFO 71704 [egg-schedule]: register schedule /Users/m1pro/Desktop/mine/sj-miniidemo/eggDemo/node_modules/egg-logrotator/app/schedule/clean_log.js
2022-05-16 15:40:53,755 INFO 71704 [egg-schedule]: register schedule /Users/m1pro/Desktop/mine/sj-miniidemo/eggDemo/node_modules/egg-logrotator/app/schedule/rotate_by_file.js
2022-05-16 15:40:56,223 INFO 71717 [egg-schedule]: register schedule /Users/m1pro/Desktop/mine/sj-miniidemo/eggDemo/node_modules/egg-multipart/app/schedule/clean_tmpdir.js
2022-05-16 15:40:56,223 INFO 71717 [egg-schedule]: register schedule /Users/m1pro/Desktop/mine/sj-miniidemo/eggDemo/node_modules/egg-logrotator/app/schedule/clean_log.js
2022-05-16 15:40:56,223 INFO 71717 [egg-schedule]: register schedule /Users/m1pro/Desktop/mine/sj-miniidemo/eggDemo/node_modules/egg-logrotator/app/schedule/rotate_by_file.js
2022-05-16 15:41:05,757 INFO 71740 [egg-schedule]: register schedule /Users/m1pro/Desktop/mine/sj-miniidemo/eggDemo/node_modules/egg-multipart/app/schedule/clean_tmpdir.js
2022-05-16 15:41:05,757 INFO 71740 [egg-schedule]: register schedule /Users/m1pro/Desktop/mine/sj-miniidemo/eggDemo/node_modules/egg-logrotator/app/schedule/clean_log.js
2022-05-16 15:41:05,757 INFO 71740 [egg-schedule]: register schedule /Users/m1pro/Desktop/mine/sj-miniidemo/eggDemo/node_modules/egg-logrotator/app/schedule/rotate_by_file.js
2022-05-16 15:41:09,282 INFO 71750 [egg-schedule]: register schedule /Users/m1pro/Desktop/mine/sj-miniidemo/eggDemo/node_modules/egg-multipart/app/schedule/clean_tmpdir.js
2022-05-16 15:41:09,282 INFO 71750 [egg-schedule]: register schedule /Users/m1pro/Desktop/mine/sj-miniidemo/eggDemo/node_modules/egg-logrotator/app/schedule/clean_log.js
2022-05-16 15:41:09,282 INFO 71750 [egg-schedule]: register schedule /Users/m1pro/Desktop/mine/sj-miniidemo/eggDemo/node_modules/egg-logrotator/app/schedule/rotate_by_file.js
2022-05-16 15:41:43,805 INFO 71790 [egg-schedule]: register schedule /Users/m1pro/Desktop/mine/sj-miniidemo/eggDemo/node_modules/egg-multipart/app/schedule/clean_tmpdir.js
2022-05-16 15:41:43,805 INFO 71790 [egg-schedule]: register schedule /Users/m1pro/Desktop/mine/sj-miniidemo/eggDemo/node_modules/egg-logrotator/app/schedule/clean_log.js
2022-05-16 15:41:43,805 INFO 71790 [egg-schedule]: register schedule /Users/m1pro/Desktop/mine/sj-miniidemo/eggDemo/node_modules/egg-logrotator/app/schedule/rotate_by_file.js
2022-05-16 15:41:57,847 INFO 71812 [egg-schedule]: register schedule /Users/m1pro/Desktop/mine/sj-miniidemo/eggDemo/node_modules/egg-multipart/app/schedule/clean_tmpdir.js
2022-05-16 15:41:57,847 INFO 71812 [egg-schedule]: register schedule /Users/m1pro/Desktop/mine/sj-miniidemo/eggDemo/node_modules/egg-logrotator/app/schedule/clean_log.js
2022-05-16 15:41:57,847 INFO 71812 [egg-schedule]: register schedule /Users/m1pro/Desktop/mine/sj-miniidemo/eggDemo/node_modules/egg-logrotator/app/schedule/rotate_by_file.js
2022-05-16 15:42:52,569 INFO 71839 [egg-schedule]: register schedule /Users/m1pro/Desktop/mine/sj-miniidemo/eggDemo/node_modules/egg-multipart/app/schedule/clean_tmpdir.js
2022-05-16 15:42:52,569 INFO 71839 [egg-schedule]: register schedule /Users/m1pro/Desktop/mine/sj-miniidemo/eggDemo/node_modules/egg-logrotator/app/schedule/clean_log.js
2022-05-16 15:42:52,569 INFO 71839 [egg-schedule]: register schedule /Users/m1pro/Desktop/mine/sj-miniidemo/eggDemo/node_modules/egg-logrotator/app/schedule/rotate_by_file.js
